<?xml version="1.0" encoding="utf-8"?><testsuites name="pytest tests"><testsuite name="pytest" errors="0" failures="0" skipped="0" tests="10" time="3.122" timestamp="2026-04-25T22:16:36.712578+00:00" hostname="agent-env-0729bce9-f1b6-4d67-a6a6-93148477256b"><testcase classname="backend.tests.test_departments_gcal.TestDepartments" name="test_create_list_update_delete_department" time="0.984" /><testcase classname="backend.tests.test_departments_gcal.TestDepartments" name="test_patch_unknown_department_404" time="0.052" /><testcase classname="backend.tests.test_departments_gcal.TestDepartments" name="test_non_admin_cannot_create_department" time="0.446" /><testcase classname="backend.tests.test_departments_gcal.TestDepartmentSchedule" name="test_get_empty_schedule_returns_skeleton" time="0.238" /><testcase classname="backend.tests.test_departments_gcal.TestDepartmentSchedule" name="test_set_and_get_schedule_persists" time="0.365" /><testcase classname="backend.tests.test_departments_gcal.TestGoogleCalendarOAuth" name="test_login_returns_google_authorization_url" time="0.068" /><testcase classname="backend.tests.test_departments_gcal.TestGoogleCalendarOAuth" name="test_status_unauthenticated_401" time="0.098" /><testcase classname="backend.tests.test_departments_gcal.TestGoogleCalendarOAuth" name="test_disconnect_then_status_disconnected" time="0.105" /><testcase classname="backend.tests.test_departments_gcal.TestGoogleCalendarOAuth" name="test_callback_endpoint_exists" time="0.213" /><testcase classname="backend.tests.test_departments_gcal.TestAssignmentConfirmNoGCal" name="test_patch_assignment_confirm_without_gcal_does_not_fail" time="0.461" /></testsuite></testsuites>