<?xml version="1.0" encoding="utf-8"?><testsuites name="pytest tests"><testsuite name="pytest" errors="0" failures="0" skipped="0" tests="16" time="4.120" timestamp="2026-04-23T20:45:24.149576+00:00" hostname="agent-env-0729bce9-f1b6-4d67-a6a6-93148477256b"><testcase classname="backend.tests.test_churchflow.TestAuth" name="test_login_admin" time="0.401" /><testcase classname="backend.tests.test_churchflow.TestAuth" name="test_login_invalid" time="0.347" /><testcase classname="backend.tests.test_churchflow.TestAuth" name="test_register_and_me" time="0.544" /><testcase classname="backend.tests.test_churchflow.TestAuth" name="test_register_duplicate" time="0.458" /><testcase classname="backend.tests.test_churchflow.TestAuth" name="test_me_unauthenticated" time="0.117" /><testcase classname="backend.tests.test_churchflow.TestChurches" name="test_list_churches" time="0.392" /><testcase classname="backend.tests.test_churchflow.TestChurches" name="test_create_and_delete_church" time="0.150" /><testcase classname="backend.tests.test_churchflow.TestChurches" name="test_non_admin_cannot_create" time="0.460" /><testcase classname="backend.tests.test_churchflow.TestMembers" name="test_seed_has_6_members" time="0.104" /><testcase classname="backend.tests.test_churchflow.TestMembers" name="test_create_member" time="0.146" /><testcase classname="backend.tests.test_churchflow.TestServicesFlow" name="test_templates_seed" time="0.049" /><testcase classname="backend.tests.test_churchflow.TestServicesFlow" name="test_service_full_flow" time="0.501" /><testcase classname="backend.tests.test_churchflow.TestElections" name="test_election_flow" time="0.240" /><testcase classname="backend.tests.test_churchflow.TestNotifications" name="test_notifications_endpoint" time="0.050" /><testcase classname="backend.tests.test_churchflow.TestReports" name="test_reports" time="0.047" /><testcase classname="backend.tests.test_churchflow.TestReports" name="test_reports_export_csv" time="0.047" /></testsuite></testsuites>